\BOOKMARK [1][-]{section.1}{Projekt Management}{}% 1
\BOOKMARK [2][-]{subsection.1.1}{Aktueller Status}{section.1}% 2
\BOOKMARK [2][-]{subsection.1.2}{Massnahmen}{section.1}% 3
\BOOKMARK [2][-]{subsection.1.3}{Weitere Planung}{section.1}% 4
\BOOKMARK [2][-]{subsection.1.4}{Risiken}{section.1}% 5
\BOOKMARK [2][-]{subsection.1.5}{Nachfrage}{section.1}% 6
\BOOKMARK [2][-]{subsection.1.6}{Projektumfang}{section.1}% 7
\BOOKMARK [2][-]{subsection.1.7}{Mitarbeiter Motivation}{section.1}% 8
\BOOKMARK [1][-]{section.2}{Anwendungsf\344lle}{}% 9
\BOOKMARK [2][-]{subsection.2.1}{Use Case Diagram}{section.2}% 10
\BOOKMARK [2][-]{subsection.2.2}{Use Case UC1: Spiel starten}{section.2}% 11
\BOOKMARK [2][-]{subsection.2.3}{Use Case UC2: Spiel hosten}{section.2}% 12
\BOOKMARK [2][-]{subsection.2.4}{Use Case U3: Spiel beitreten}{section.2}% 13
\BOOKMARK [2][-]{subsection.2.5}{Use Case UC4: Turm bauen}{section.2}% 14
\BOOKMARK [2][-]{subsection.2.6}{Use Case UC5: Turm upgraden}{section.2}% 15
\BOOKMARK [2][-]{subsection.2.7}{Use Case UC6: Turm upgraden: Selbst upgraden}{section.2}% 16
\BOOKMARK [2][-]{subsection.2.8}{Use Case UC7: Turm upgraden: Team upgraden}{section.2}% 17
\BOOKMARK [2][-]{subsection.2.9}{Use Case UC8: Geld verschenken}{section.2}% 18
\BOOKMARK [2][-]{subsection.2.10}{Use Case UC9: Chatten}{section.2}% 19
\BOOKMARK [2][-]{subsection.2.11}{Use Case UC10: Optionen anpassen}{section.2}% 20
\BOOKMARK [2][-]{subsection.2.12}{Use Case UC11: Spiel beenden}{section.2}% 21
\BOOKMARK [1][-]{section.3}{Zus\344tzliche Spezifikationen}{}% 22
\BOOKMARK [2][-]{subsection.3.1}{Einf\374hrung}{section.3}% 23
\BOOKMARK [2][-]{subsection.3.2}{Funktionalit\344t}{section.3}% 24
\BOOKMARK [2][-]{subsection.3.3}{Usability}{section.3}% 25
\BOOKMARK [2][-]{subsection.3.4}{Wartbarkeit}{section.3}% 26
\BOOKMARK [2][-]{subsection.3.5}{Implementierungsbedingungen}{section.3}% 27
\BOOKMARK [2][-]{subsection.3.6}{kostenlose Open-Source-Komponenten}{section.3}% 28
\BOOKMARK [2][-]{subsection.3.7}{Interfaces}{section.3}% 29
\BOOKMARK [2][-]{subsection.3.8}{Softwareschnittstellen}{section.3}% 30
\BOOKMARK [2][-]{subsection.3.9}{Rechtlich}{section.3}% 31
\BOOKMARK [1][-]{section.4}{Diagramme}{}% 32
\BOOKMARK [2][-]{subsection.4.1}{Dom\344nenmodell}{section.4}% 33
\BOOKMARK [2][-]{subsection.4.2}{System-Sequenzdiagramm}{section.4}% 34
\BOOKMARK [1][-]{section.5}{Systemoperationen}{}% 35
\BOOKMARK [2][-]{subsection.5.1}{Contract CO1: startGame}{section.5}% 36
\BOOKMARK [2][-]{subsection.5.2}{Contract CO2: verifyUser}{section.5}% 37
\BOOKMARK [2][-]{subsection.5.3}{Contract CO3: new SingleplayerGame}{section.5}% 38
\BOOKMARK [2][-]{subsection.5.4}{Contract CO4: new MultiplayerGame}{section.5}% 39
\BOOKMARK [2][-]{subsection.5.5}{Contract CO5: hostGame}{section.5}% 40
\BOOKMARK [2][-]{subsection.5.6}{Contract CO6: searchGame}{section.5}% 41
\BOOKMARK [2][-]{subsection.5.7}{Contract CO7: selectGame}{section.5}% 42
\BOOKMARK [1][-]{section.6}{Architektur}{}% 43
\BOOKMARK [2][-]{subsection.6.1}{Logische Architektur}{section.6}% 44
\BOOKMARK [1][-]{table.4}{Glossar}{}% 45
\BOOKMARK [1][-]{table.4}{Abbildungen}{}% 46
\BOOKMARK [1][-]{section*.9}{Tabellen}{}% 47
